===> database 0.0.0.1 from pin.conf "userid"
nap(25896)> Wed Feb  7 19:39:32 IST 2018:Testnap Connection Success for device_load in /home/pin/opt/portal/7.5/mso/bin/
current working directory is /home/pin/opt/portal/7.5/mso/apps/mso_bulk_inventory
===> database 0.0.0.1 from pin.conf "userid"
nap(25902)> Wed Feb  7 19:39:32 IST 2018:Testnap Connection Success for device_load in PIN_HOME/mso/apps/mso_bulk_inventory
 Executing modem_device_load 
./device_load.sh: line 18: mta_job_device_modem.txt: Permission denied
Thread (4153023376) begins ... 
Thread (4100574096) begins ... 
Thread (4142533520) begins ... 
Thread (4132043664) begins ... 
Thread (4111063952) begins ... 
Thread (4121553808) begins ... 
Thread (4077906832) begins ... 
Thread (4088396688) begins ... 
Thread (4067416976) begins ... 
Thread (4054842256) begins ... 
Total Fetched (0) units, err 0
Thread (4132043664) exits ... 
Thread (4077906832) exits ... 
Thread (4121553808) exits ... 
Thread (4142533520) exits ... 
Thread (4153023376) exits ... 
Thread (4100574096) exits ... 
Thread (4054842256) exits ... 
Thread (4067416976) exits ... 
Thread (4111063952) exits ... 
Thread (4088396688) exits ... 
Total number of records processed = 0.
Number of data errors encountered = 0.
Total number of errors encountered = 0.
rm: cannot remove `mta_job_device_modem.txt': No such file or directory
Executing wifi_router_device_load 
Thread (4153916304) begins ... 
Thread (4132936592) begins ... 
Thread (4090977168) begins ... 
Thread (4111956880) begins ... 
Thread (4143426448) begins ... 
Thread (4101467024) begins ... 
Thread (4122446736) begins ... 
Thread (4078959504) begins ... 
Thread (4068469648) begins ... 
Thread (4055874448) begins ... 
Total Fetched (0) units, err 0
Thread (4132936592) exits ... 
Thread (4153916304) exits ... 
Thread (4143426448) exits ... 
Thread (4055874448) exits ... 
Thread (4101467024) exits ... 
Thread (4111956880) exits ... 
Thread (4090977168) exits ... 
Thread (4122446736) exits ... 
Thread (4078959504) exits ... 
Thread (4068469648) exits ... 
Total number of records processed = 0.
Number of data errors encountered = 0.
Total number of errors encountered = 0.
./device_load.sh: line 28: mta_job_device_wifi_router.txt: Permission denied
rm: cannot remove `mta_job_device_wifi_router.txt': No such file or directory
Executing cable_router_device_load 
./device_load.sh: line 36: mta_job_device_cable_router.txt: Permission denied
Thread (4153957264) begins ... 
Thread (4143467408) begins ... 
Thread (4111997840) begins ... 
Thread (4132977552) begins ... 
Thread (4101507984) begins ... 
Thread (4122487696) begins ... 
Thread (4091018128) begins ... 
Thread (4078959504) begins ... 
Thread (4057979792) begins ... 
Thread (4068469648) begins ... 
Total Fetched (0) units, err 0
Thread (4111997840) exits ... 
Thread (4132977552) exits ... 
Thread (4057979792) exits ... 
Thread (4091018128) exits ... 
Thread (4078959504) exits ... 
Thread (4143467408) exits ... 
Thread (4153957264) exits ... 
Thread (4068469648) exits ... 
Thread (4122487696) exits ... 
Thread (4101507984) exits ... 
Total number of records processed = 0.
Number of data errors encountered = 0.
Total number of errors encountered = 0.
rm: cannot remove `mta_job_device_cable_router.txt': No such file or directory
Executing nat_device_load 
./device_load.sh: line 46: mta_job_device_nat.txt: Permission denied
Thread (4153248656) begins ... 
Thread (4121779088) begins ... 
Thread (4142758800) begins ... 
Thread (4109192080) begins ... 
Thread (4132268944) begins ... 
Thread (4098702224) begins ... 
Thread (4088212368) begins ... 
Thread (4077722512) begins ... 
Thread (4056742800) begins ... 
Thread (4067232656) begins ... 
Total Fetched (0) units, err 0
Thread (4153248656) exits ... 
Thread (4056742800) exits ... 
Thread (4142758800) exits ... 
Thread (4088212368) exits ... 
Thread (4077722512) exits ... 
Thread (4121779088) exits ... 
Thread (4109192080) exits ... 
Thread (4098702224) exits ... 
Thread (4132268944) exits ... 
Thread (4067232656) exits ... 
Total number of records processed = 0.
Number of data errors encountered = 0.
Total number of errors encountered = 0.
rm: cannot remove `mta_job_device_nat.txt': No such file or directory
Executing static_ip_device_load 
./device_load.sh: line 56: mta_job_device_static_ip.txt: Permission denied
Thread (4153060240) begins ... 
Thread (4132080528) begins ... 
Thread (4142570384) begins ... 
Thread (4121590672) begins ... 
Thread (4111100816) begins ... 
Thread (4058651536) begins ... 
Thread (4100610960) begins ... 
Thread (4090121104) begins ... 
Thread (4079631248) begins ... 
Thread (4069141392) begins ... 
Total Fetched (0) units, err 0
Thread (4121590672) exits ... 
Thread (4079631248) exits ... 
Thread (4090121104) exits ... 
Thread (4132080528) exits ... 
Thread (4153060240) exits ... 
Thread (4111100816) exits ... 
Thread (4142570384) exits ... 
Thread (4058651536) exits ... 
Thread (4100610960) exits ... 
Thread (4069141392) exits ... 
Total number of records processed = 0.
Number of data errors encountered = 0.
Total number of errors encountered = 0.
rm: cannot remove `mta_job_device_static_ip.txt': No such file or directory
Executing framed_ip_device_load 
./device_load.sh: line 66: mta_job_device_framed_ip.txt: Permission denied
Thread (4153551760) begins ... 
Thread (4122082192) begins ... 
Thread (4090612624) begins ... 
Thread (4111592336) begins ... 
Thread (4143061904) begins ... 
Thread (4132572048) begins ... 
Thread (4101102480) begins ... 
Thread (4078959504) begins ... 
Thread (4068469648) begins ... 
Thread (4057979792) begins ... 
Total Fetched (0) units, err 0
Thread (4101102480) exits ... 
Thread (4090612624) exits ... 
Thread (4132572048) exits ... 
Thread (4143061904) exits ... 
Thread (4057979792) exits ... 
Thread (4068469648) exits ... 
Thread (4111592336) exits ... 
Thread (4078959504) exits ... 
Thread (4122082192) exits ... 
Thread (4153551760) exits ... 
Total number of records processed = 0.
Number of data errors encountered = 0.
Total number of errors encountered = 0.
rm: cannot remove `mta_job_device_framed_ip.txt': No such file or directory
file is not available 
./device_load.sh: line 78: mta_job_device_stb.txt: Permission denied
cat: mta_job_device_stb.txt: No such file or directory
Thread (4153457552) begins ... 
Thread (4142967696) begins ... 
Thread (4132477840) begins ... 
Thread (4120902544) begins ... 
Thread (4110412688) begins ... 
Thread (4099922832) begins ... 
Thread (4089432976) begins ... 
Thread (4055882640) begins ... 
Thread (4076862352) begins ... 
Thread (4066372496) begins ... 
Total Fetched (0) units, err 0
Thread (4153457552) exits ... 
Thread (4142967696) exits ... 
Thread (4120902544) exits ... 
Thread (4132477840) exits ... 
Thread (4089432976) exits ... 
Thread (4055882640) exits ... 
Thread (4099922832) exits ... 
Thread (4066372496) exits ... 
Thread (4076862352) exits ... 
Thread (4110412688) exits ... 
Total number of records processed = 0.
Number of data errors encountered = 0.
Total number of errors encountered = 0.
rm: cannot remove `mta_job_device_stb.txt': No such file or directory
file is not available 
./device_load.sh: line 87: mta_job_device_vc.txt: Permission denied
cat: mta_job_device_vc.txt: No such file or directory
Thread (4153383824) begins ... 
Thread (4142893968) begins ... 
Thread (4121914256) begins ... 
Thread (4100934544) begins ... 
Thread (4132404112) begins ... 
Thread (4111424400) begins ... 
Thread (4056931216) begins ... 
Thread (4090444688) begins ... 
Thread (4077910928) begins ... 
Thread (4067421072) begins ... 
Total Fetched (0) units, err 0
Thread (4067421072) exits ... 
Thread (4153383824) exits ... 
Thread (4121914256) exits ... 
Thread (4142893968) exits ... 
Thread (4056931216) exits ... 
Thread (4077910928) exits ... 
Thread (4100934544) exits ... 
Thread (4090444688) exits ... 
Thread (4111424400) exits ... 
Thread (4132404112) exits ... 
Total number of records processed = 0.
Number of data errors encountered = 0.
Total number of errors encountered = 0.
rm: cannot remove `mta_job_device_vc.txt': No such file or directory
mv: cannot stat `/home/pin/opt/portal/7.5/sys/test/device_load_bkp_curr.log': No such file or directory
