<?xml version="1.0" encoding="UTF-8"?><BusinessConfiguration xmlns="http://www.portal.com/schemas/BusinessConfig" xmlns:xsi="http://www.w3.org/2001/XMLSchema-instance" xsi:schemaLocation="http://www.portal.com/schemas/BusinessConfig business_configuration.xsd">
<BusParamConfigurationClass>
<BusParamsBilling>
<SkipCheckForSubordinatesBilled/>
<StagedBillingFeeProcessing>0</StagedBillingFeeProcessing>
<NonCurrencyResourceJournaling>All</NonCurrencyResourceJournaling>
<BillingCycleOffset>0</BillingCycleOffset>
<MoveDayForward>firstDay</MoveDayForward>
<RemoveSponsoree>enabled</RemoveSponsoree>
<ProdEndOffsetPlanTransition>10</ProdEndOffsetPlanTransition>
<GenerateJournalEpsilon>disabled</GenerateJournalEpsilon>
<ApplyCycleFeeForBillNow>disabled</ApplyCycleFeeForBillNow>
<RerateDuringBilling>disabled</RerateDuringBilling>
<AutoTriggeringLimit>2</AutoTriggeringLimit>
<ValidateDiscountDependency>disabled</ValidateDiscountDependency>
<RolloverCorrectionDuringBilling>disabled</RolloverCorrectionDuringBilling>
<EnableARA>disabled</EnableARA>
<CreateTwoBillNowBillsInDelay>disabled</CreateTwoBillNowBillsInDelay>
<SubBalValidity>Cut</SubBalValidity>
<SequentialCycleDiscounting>disabled</SequentialCycleDiscounting>
<CacheResidencyDistinction>disabled</CacheResidencyDistinction>
<DefaultBusinessProfile>Convergent</DefaultBusinessProfile>
<CustomJournalUpdate>disabled</CustomJournalUpdate>
<EnableCorrectiveInvoices>disabled</EnableCorrectiveInvoices>
<AllowCorrectivePaidBills>disabled</AllowCorrectivePaidBills>
<RejectPaymentsForPreviousBill>disabled</RejectPaymentsForPreviousBill>
<CorrectiveBillThreshold>0</CorrectiveBillThreshold>
<GenerateCorrectiveBillNo>enabled</GenerateCorrectiveBillNo>
<ApplyARParentCycleFeeFirst>disabled</ApplyARParentCycleFeeFirst>
<GenerateBillForChildBillNow>disabled</GenerateBillForChildBillNow>
<SplitSponsorItemByMember/>
</BusParamsBilling>
</BusParamConfigurationClass>
</BusinessConfiguration>
