/home/pin/opt/portal/7.5/bin/pin_load_invoice_events: Verifying Brand POID <0.0.0.1 /account 1 0>
	Verify_Brand: Brand Exists!

/home/pin/opt/portal/7.5/bin/pin_load_invoice_events: Verifying Config Object for <0.0.0.1 /account 1 0>
	Verify_Config_Object: Config object <0.0.0.1 /config/invoice_events 102 50> found

/home/pin/opt/portal/7.5/bin/pin_load_invoice_events: Verifying Event File <events.file>
	Event: </event/billing/debit> is valid.
	Event: </event/billing/adjustment/account> is valid.
	Event: </event/billing/adjustment/event> is valid.
	Event: </event/billing/adjustment/item> is valid.
	Event: </event/billing/adjustment/tax_event> is valid.
	Event: </event/billing/cycle/tax> is valid.
	Event: </event/billing/cycle/discount> is valid.
	Event: </event/billing/cycle/discount/mostcalled> is valid.
	Event: </event/billing/cycle/fold> is valid.
	Event: </event/billing/payment/cash> is valid.
	Event: </event/billing/payment/cc> is valid.
	Event: </event/billing/payment/check> is valid.
	Event: </event/billing/payment/dd> is valid.
	Event: </event/billing/payment/payorder> is valid.
	Event: </event/billing/payment/postalorder> is valid.
	Event: </event/billing/payment/wtransfer> is valid.
	Event: </event/billing/payment/voucher> is valid.
	Event: </event/billing/vouchertopup> is valid.
	Event: </event/billing/incentive> is valid.
	Event: </event/billing/fee/failed_payment> is valid.
	Event: </event/billing/product/fee/cancel> is valid.
	Event: </event/billing/product/fee/cycle> is valid.
	Event: </event/billing/product/fee/cycle/cycle_arrear> is valid.
	Event: </event/billing/mso_catv_commitment> is valid.
	Event: </event/billing/product/fee/cycle/cycle_arrear_monthly/mso_sb_pkg_dpop> is valid.
	Event: </event/billing/product/fee/cycle/cycle_arrear_annual/mso_sb_adn_normal> is valid.
	Event: </event/billing/product/fee/cycle/cycle_arrear_bimonthly/mso_sb_adn_normal> is valid.
	Event: </event/billing/product/fee/cycle/cycle_arrear_monthly/mso_et> is valid.
	Event: </event/billing/product/fee/cycle/cycle_arrear_monthly/mso_hw_rental> is valid.
	Event: </event/billing/product/fee/cycle/cycle_arrear_monthly/mso_sb_adn_normal> is valid.
	Event: </event/billing/product/fee/cycle/cycle_arrear_monthly/mso_sb_alc_fta> is valid.
	Event: </event/billing/product/fee/cycle/cycle_arrear_monthly/mso_sb_alc_paid> is valid.
	Event: </event/billing/product/fee/cycle/cycle_arrear_monthly/mso_sb_pkg_bst> is valid.
	Event: </event/billing/product/fee/cycle/cycle_arrear_monthly/mso_sb_pkg_dpop> is valid.
	Event: </event/billing/product/fee/cycle/cycle_arrear_monthly/mso_sb_pkg_dprp> is valid.
	Event: </event/billing/product/fee/cycle/cycle_arrear_monthly/mso_sb_pkg_dstp> is valid.
	Event: </event/billing/product/fee/cycle/cycle_arrear_quarterly/mso_sb_adn_normal> is valid.
	Event: </event/billing/product/fee/cycle/cycle_arrear_semiannual/mso_sb_adn_normal> is valid.
	Event: </event/billing/product/fee/cycle/cycle_arrear_yearly/mso_hw_amc> is valid.
	Event: </event/billing/product/fee/cycle/cycle_forward_annual/mso_hw_amc> is valid.
	Event: </event/billing/product/fee/cycle/cycle_forward_annual/mso_sb_adn_fdp> is valid.
	Event: </event/billing/product/fee/cycle/cycle_forward_bimonthly/mso_sb_adn_fdp> is valid.
	Event: </event/billing/product/fee/cycle/cycle_forward_monthly/mso_sb_adn_fdp> is valid.
	Event: </event/billing/product/fee/cycle/cycle_forward_monthly/mso_sb_adn_normal> is valid.
	Event: </event/billing/product/fee/cycle/cycle_forward_monthly/mso_sb_alc_fta> is valid.
	Event: </event/billing/product/fee/cycle/cycle_forward_monthly/mso_sb_alc_paid> is valid.
	Event: </event/billing/product/fee/cycle/cycle_forward_monthly/mso_sb_pkg_bst> is valid.
	Event: </event/billing/product/fee/cycle/cycle_forward_quarterly/mso_sb_adn_fdp> is valid.
	Event: </event/billing/product/fee/cycle/cycle_forward_semiannual/mso_sb_adn_fdp> is valid.
	Event: </event/billing/product/fee/cycle/cycle_forward_monthly/mso_hw_rental> is valid.
	Event: </event/billing/product/fee/cycle/cycle_forward_monthly/mso_sb_pkg_dstp> is valid.
	Event: </event/billing/product/fee/cycle/cycle_forward_monthly/mso_sb_pkg_dpop> is valid.
	Event: </event/billing/product/fee/cycle/cycle_forward_monthly/mso_sb_pkg_dprp> is valid.
	Event: </event/billing/product/fee/cycle/cycle_forward_quarterly/mso_sb_adn_normal> is valid.
	Event: </event/billing/product/fee/cycle/cycle_forward_bimonthly/mso_sb_adn_normal> is valid.
	Event: </event/billing/product/fee/cycle/cycle_forward_semiannual/mso_sb_adn_normal> is valid.
	Event: </event/billing/product/fee/cycle/cycle_forward_annual/mso_sb_adn_normal> is valid.
	Event: </event/billing/product/fee/cycle/cycle_forward_monthly/mso_et> is valid.
	Event: </event/billing/product/fee/cycle/cycle_forward_arrear> is valid.
	Event: </event/billing/product/fee/cycle/cycle_forward_bimonthly> is valid.
	Event: </event/billing/product/fee/cycle/cycle_forward_monthly> is valid.
	Event: </event/billing/product/fee/cycle/cycle_forward_quarterly> is valid.
	Event: </event/billing/product/fee/cycle/cycle_forward_semiannual> is valid.
	Event: </event/billing/product/fee/cycle/cycle_forward_annual> is valid.
	Event: </event/billing/product/fee/purchase> is valid.
	Event: </event/billing/refund/cash> is valid.
	Event: </event/billing/refund/cc> is valid.
	Event: </event/billing/refund/check> is valid.
	Event: </event/billing/refund/dd> is valid.
	Event: </event/billing/refund/payorder> is valid.
	Event: </event/billing/refund/postalorder> is valid.
	Event: </event/billing/refund/wtransfer> is valid.
	Event: </event/billing/reversal/cc> is valid.
	Event: </event/billing/reversal/check> is valid.
	Event: </event/billing/reversal/dd> is valid.
	Event: </event/billing/reversal/payorder> is valid.
	Event: </event/billing/reversal/postalorder> is valid.
	Event: </event/billing/reversal/wtransfer> is valid.
	Event: </event/billing/reversal/voucher> is valid.
	Event: </event/billing/reversal/failed> is valid.
	Event: </event/billing/settlement/event> is valid.
	Event: </event/billing/settlement/item> is valid.
	Event: </event/billing/settlement/tax_event> is valid.
	Event: </event/billing/writeoff/account> is valid.
	Event: </event/billing/writeoff/bill> is valid.
	Event: </event/billing/writeoff/billinfo> is valid.
	Event: </event/billing/writeoff/item> is valid.
	Event: </event/billing/writeoff/tax_account> is valid.
	Event: </event/billing/writeoff/tax_bill> is valid.
	Event: </event/billing/writeoff/tax_billinfo> is valid.
	Event: </event/billing/writeoff_reversal> is valid.
	Event: </event/billing/writeoff_reversal/tax> is valid.
	Event: </event/billing/writeoff/tax_item> is valid.
	Event: </event/billing/dispute/event> is valid.
	Event: </event/billing/dispute/item> is valid.
	Event: </event/billing/dispute/tax_event> is valid.
	Event: </event/session> is valid.
	Event: </event/session/dialup> is valid.
	Event: </event/billing/cycle/rollover/monthly> is valid.
	Event: </event/billing/cycle/rollover_transfer> is valid.
	Event: </event/billing/cycle/rollover_correction> is valid.
	Event: </event/device/associate> is valid.
	Event: </event/device/disassociate> is valid.
	Event: </event/billing/corrective_bill> is valid.
	Event: </event/billing/item/transfer> is valid.
	Event: </event/billing/product/fee/cycle/cycle_forward_monthly/mso_sb_pkg_fdp> is valid.
	Event: </event/billing/product/fee/cycle/cycle_forward_thirty_days/mso_sb_adn_fdp> is valid.
	Event: </event/billing/product/fee/cycle/cycle_forward_thirty_days/mso_sb_pkg_fdp> is valid.
	Event: </event/billing/product/fee/cycle/cycle_forward_thirty_days/mso_sb_alc_fdp> is valid.
	Event: </event/billing/product/fee/cycle/cycle_forward_ninety_days/mso_sb_adn_fdp> is valid.
	Event: </event/billing/product/fee/cycle/cycle_forward_ninety_days/mso_sb_alc_fdp> is valid.
	Event: </event/billing/product/fee/cycle/cycle_forward_ninety_days/mso_sb_pkg_fdp> is valid.
	Event: </event/billing/product/fee/cycle/cycle_forward_sixty_days/mso_sb_adn_fdp> is valid.
	Event: </event/billing/product/fee/cycle/cycle_forward_sixty_days/mso_sb_alc_fdp> is valid.
	Event: </event/billing/product/fee/cycle/cycle_forward_sixty_days/mso_sb_pkg_fdp> is valid.
	Event: </event/billing/product/fee/cycle/cycle_forward_oneeighty_days/mso_sb_adn_fdp> is valid.
	Event: </event/billing/product/fee/cycle/cycle_forward_oneeighty_days/mso_sb_alc_fdp> is valid.
	Event: </event/billing/product/fee/cycle/cycle_forward_oneeighty_days/mso_sb_pkg_fdp> is valid.
	Event: </event/billing/product/fee/cycle/cycle_forward_onetwenty_days/mso_sb_adn_fdp> is valid.
	Event: </event/billing/product/fee/cycle/cycle_forward_onetwenty_days/mso_sb_alc_fdp> is valid.
	Event: </event/billing/product/fee/cycle/cycle_forward_onetwenty_days/mso_sb_pkg_fdp> is valid.
	Event: </event/billing/product/fee/cycle/cycle_forward_onefifty_days/mso_sb_adn_fdp> is invalid.  Not found
	Event: </event/billing/product/fee/cycle/cycle_forward_onefifty_days/mso_sb_alc_fdp> is invalid.  Not found
	Event: </event/billing/product/fee/cycle/cycle_forward_onefifty_days/mso_sb_pkg_fdp> is invalid.  Not found
	Event: </event/billing/product/fee/cycle/cycle_forward_twoten_days/mso_sb_adn_fdp> is invalid.  Not found
	Event: </event/billing/product/fee/cycle/cycle_forward_twoten_days/mso_sb_alc_fdp> is invalid.  Not found
	Event: </event/billing/product/fee/cycle/cycle_forward_twoten_days/mso_sb_pkg_fdp> is invalid.  Not found
	Event: </event/billing/product/fee/cycle/cycle_forward_twoforty_days/mso_sb_adn_fdp> is invalid.  Not found
	Event: </event/billing/product/fee/cycle/cycle_forward_twoforty_days/mso_sb_alc_fdp> is invalid.  Not found
	Event: </event/billing/product/fee/cycle/cycle_forward_twoforty_days/mso_sb_pkg_fdp> is invalid.  Not found
	Event: </event/billing/product/fee/cycle/cycle_forward_twoseventy_days/mso_sb_adn_fdp> is invalid.  Not found
	Event: </event/billing/product/fee/cycle/cycle_forward_twoseventy_days/mso_sb_alc_fdp> is invalid.  Not found
	Event: </event/billing/product/fee/cycle/cycle_forward_twoseventy_days/mso_sb_pkg_fdp> is invalid.  Not found
	Event: </event/billing/product/fee/cycle/cycle_forward_threehundred_days/mso_sb_adn_fdp> is invalid.  Not found
	Event: </event/billing/product/fee/cycle/cycle_forward_threehundred_days/mso_sb_alc_fdp> is invalid.  Not found
	Event: </event/billing/product/fee/cycle/cycle_forward_threehundred_days/mso_sb_pkg_fdp> is invalid.  Not found
	Event: </event/billing/product/fee/cycle/cycle_forward_threethirty_days/mso_sb_adn_fdp> is invalid.  Not found
	Event: </event/billing/product/fee/cycle/cycle_forward_threethirty_days/mso_sb_alc_fdp> is invalid.  Not found
	Event: </event/billing/product/fee/cycle/cycle_forward_threethirty_days/mso_sb_pkg_fdp> is invalid.  Not found
	Event: </event/billing/product/fee/cycle/cycle_forward_threesixty_days/mso_sb_adn_fdp> is invalid.  Not found
	Event: </event/billing/product/fee/cycle/cycle_forward_threesixty_days/mso_sb_alc_fdp> is invalid.  Not found
	Event: </event/billing/product/fee/cycle/cycle_forward_threesixty_days/mso_sb_pkg_fdp> is invalid.  Not found
	Event: </event/billing/product/fee/cycle/cycle_forward_quarterly/mso_sb_pkg_fdp> is valid.
	Event: </event/billing/product/fee/cycle/cycle_forward_semiannual/mso_sb_pkg_fdp> is valid.
	Event: </event/billing/product/fee/cycle/cycle_forward_annual/mso_sb_pkg_fdp> is valid.
	Event: </event/billing/product/fee/cycle/cycle_forward_monthly/mso_sb_alc_fdp> is valid.
	Event: </event/billing/product/fee/cycle/cycle_forward_quarterly/mso_sb_alc_fdp> is valid.
	Event: </event/billing/product/fee/cycle/cycle_forward_semiannual/mso_sb_alc_fdp> is valid.
	Event: </event/billing/product/fee/cycle/cycle_forward_annual/mso_sb_alc_fdp> is valid.
	Event: </event/mso_et> is valid.
	Event: </event/billing/mso_cr_dr_note> is valid.
	Event: </event/billing/mso_penalty> is valid.
	Event: </event/billing/mso_refund_credit> is valid.
	Event: </event/billing/mso_refund_debit> is valid.
	Event: </event/billing/product/fee/cycle/cycle_forward_annual/mso_hw_amc> is valid.
	Event: </event/billing/product/fee/cycle/cycle_forward_annual/mso_hw_amc/cr> is valid.
	Event: </event/billing/product/fee/cycle/cycle_forward_annual/mso_hw_amc/nd> is valid.
	Event: </event/billing/product/fee/cycle/cycle_forward_annual/mso_hw_amc/wlnd> is valid.
	Event: </event/billing/product/fee/cycle/cycle_forward_annual/mso_hw_rental/cm> is valid.
	Event: </event/billing/product/fee/cycle/cycle_forward_annual/mso_hw_rental/cr> is valid.
	Event: </event/billing/product/fee/cycle/cycle_forward_annual/mso_hw_rental/crsoho> is valid.
	Event: </event/billing/product/fee/cycle/cycle_forward_annual/mso_hw_rental/dcm> is valid.
	Event: </event/billing/product/fee/cycle/cycle_forward_annual/mso_hw_rental/huwr> is valid.
	Event: </event/billing/product/fee/cycle/cycle_forward_annual/mso_hw_rental/nd> is valid.
	Event: </event/billing/product/fee/cycle/cycle_forward_annual/mso_hw_rental/nwifi> is valid.
	Event: </event/billing/product/fee/cycle/cycle_forward_annual/mso_hw_rental/wlnd> is valid.
	Event: </event/billing/product/fee/cycle/cycle_forward_annual_fdp/mso_sb_dc2> is valid.
	Event: </event/billing/product/fee/cycle/cycle_forward_annual_fdp/mso_sb_dc3> is valid.
	Event: </event/billing/product/fee/cycle/cycle_forward_annual_fdp/mso_sb_fib> is valid.
	Event: </event/billing/product/fee/cycle/cycle_forward_annual_fdp/mso_sb_norm> is valid.
	Event: </event/billing/product/fee/cycle/cycle_forward_monthly/mso_et> is valid.
	Event: </event/billing/product/fee/cycle/cycle_forward_monthly/mso_gr_tod> is valid.
	Event: </event/billing/product/fee/cycle/cycle_forward_monthly/mso_hw_amc/cr> is valid.
	Event: </event/billing/product/fee/cycle/cycle_forward_monthly/mso_hw_amc/nd> is valid.
	Event: </event/billing/product/fee/cycle/cycle_forward_monthly/mso_hw_amc/wlnd> is valid.
	Event: </event/billing/product/fee/cycle/cycle_forward_monthly/mso_hw_rental> is valid.
	Event: </event/billing/product/fee/cycle/cycle_forward_monthly/mso_hw_rental/cm> is valid.
	Event: </event/billing/product/fee/cycle/cycle_forward_monthly/mso_hw_rental/cr> is valid.
	Event: </event/billing/product/fee/cycle/cycle_forward_monthly/mso_hw_rental/crsoho> is valid.
	Event: </event/billing/product/fee/cycle/cycle_forward_monthly/mso_hw_rental/dcm> is valid.
	Event: </event/billing/product/fee/cycle/cycle_forward_monthly/mso_hw_rental/huwr> is valid.
	Event: </event/billing/product/fee/cycle/cycle_forward_monthly/mso_hw_rental/nd> is valid.
	Event: </event/billing/product/fee/cycle/cycle_forward_monthly/mso_hw_rental/nwifi> is valid.
	Event: </event/billing/product/fee/cycle/cycle_forward_monthly/mso_hw_rental/wlnd> is valid.
	Event: </event/billing/product/fee/cycle/cycle_forward_monthly/mso_sb_dc2> is valid.
	Event: </event/billing/product/fee/cycle/cycle_forward_monthly/mso_sb_dc3> is valid.
	Event: </event/billing/product/fee/cycle/cycle_forward_monthly/mso_sb_fib> is valid.
	Event: </event/billing/product/fee/cycle/cycle_forward_monthly/mso_sb_norm> is valid.
	Event: </event/billing/product/fee/cycle/cycle_forward_monthly/mso_sb_tod> is valid.
	Event: </event/billing/product/fee/cycle/cycle_forward_monthly/mso_ssp> is valid.
	Event: </event/billing/product/fee/cycle/cycle_forward_monthly_fdp/mso_sb_dc2> is valid.
	Event: </event/billing/product/fee/cycle/cycle_forward_monthly_fdp/mso_sb_dc3> is valid.
	Event: </event/billing/product/fee/cycle/cycle_forward_monthly_fdp/mso_sb_fib> is valid.
	Event: </event/billing/product/fee/cycle/cycle_forward_monthly_fdp/mso_sb_norm> is valid.
	Event: </event/billing/product/fee/cycle/cycle_forward_quarterly/mso_hw_amc/cr> is valid.
	Event: </event/billing/product/fee/cycle/cycle_forward_quarterly/mso_hw_amc/nd> is valid.
	Event: </event/billing/product/fee/cycle/cycle_forward_quarterly/mso_hw_amc/wlnd> is valid.
	Event: </event/billing/product/fee/cycle/cycle_forward_quarterly/mso_hw_rental/cm> is valid.
	Event: </event/billing/product/fee/cycle/cycle_forward_quarterly/mso_hw_rental/cr> is valid.
	Event: </event/billing/product/fee/cycle/cycle_forward_quarterly/mso_hw_rental/crsoho> is valid.
	Event: </event/billing/product/fee/cycle/cycle_forward_quarterly/mso_hw_rental/dcm> is valid.
	Event: </event/billing/product/fee/cycle/cycle_forward_quarterly/mso_hw_rental/huwr> is valid.
	Event: </event/billing/product/fee/cycle/cycle_forward_quarterly/mso_hw_rental/nd> is valid.
	Event: </event/billing/product/fee/cycle/cycle_forward_quarterly/mso_hw_rental/nwifi> is valid.
	Event: </event/billing/product/fee/cycle/cycle_forward_quarterly/mso_hw_rental/wlnd> is valid.
	Event: </event/billing/product/fee/cycle/cycle_forward_quarterly_fdp/mso_sb_dc2> is valid.
	Event: </event/billing/product/fee/cycle/cycle_forward_quarterly_fdp/mso_sb_dc3> is valid.
	Event: </event/billing/product/fee/cycle/cycle_forward_quarterly_fdp/mso_sb_fib> is valid.
	Event: </event/billing/product/fee/cycle/cycle_forward_quarterly_fdp/mso_sb_norm> is valid.
	Event: </event/billing/product/fee/cycle/cycle_forward_semiannual/mso_hw_amc/cr> is valid.
	Event: </event/billing/product/fee/cycle/cycle_forward_semiannual/mso_hw_amc/nd> is valid.
	Event: </event/billing/product/fee/cycle/cycle_forward_semiannual/mso_hw_amc/wlnd> is valid.
	Event: </event/billing/product/fee/cycle/cycle_forward_semiannual/mso_hw_rental/cm> is valid.
	Event: </event/billing/product/fee/cycle/cycle_forward_semiannual/mso_hw_rental/cr> is valid.
	Event: </event/billing/product/fee/cycle/cycle_forward_semiannual/mso_hw_rental/crsoho> is valid.
	Event: </event/billing/product/fee/cycle/cycle_forward_semiannual/mso_hw_rental/dcm> is valid.
	Event: </event/billing/product/fee/cycle/cycle_forward_semiannual/mso_hw_rental/huwr> is valid.
	Event: </event/billing/product/fee/cycle/cycle_forward_semiannual/mso_hw_rental/nd> is valid.
	Event: </event/billing/product/fee/cycle/cycle_forward_semiannual/mso_hw_rental/nwifi> is valid.
	Event: </event/billing/product/fee/cycle/cycle_forward_semiannual/mso_hw_rental/wlnd> is valid.
	Event: </event/billing/product/fee/cycle/cycle_forward_semiannual_fdp/mso_sb_dc2> is valid.
	Event: </event/billing/product/fee/cycle/cycle_forward_semiannual_fdp/mso_sb_dc3> is valid.
	Event: </event/billing/product/fee/cycle/cycle_forward_semiannual_fdp/mso_sb_fib> is valid.
	Event: </event/billing/product/fee/cycle/cycle_forward_semiannual_fdp/mso_sb_norm> is valid.
	Event: </event/billing/product/fee/cycle/cycle_forward_bimonthly/mso_hw_rental/cm> is valid.
	Event: </event/billing/product/fee/cycle/cycle_forward_quadmonthly/mso_hw_rental/cm> is valid.
	Event: </event/billing/product/fee/cycle/cycle_forward_bimonthly/mso_hw_rental/cr> is valid.
	Event: </event/billing/product/fee/cycle/cycle_forward_quadmonthly/mso_hw_rental/cr> is valid.
	Event: </event/billing/product/fee/cycle/cycle_forward_bimonthly/mso_hw_rental/huwr> is valid.
	Event: </event/billing/product/fee/cycle/cycle_forward_quadmonthly/mso_hw_rental/huwr> is valid.
	Event: </event/billing/product/fee/cycle/cycle_forward_bimonthly/mso_hw_rental/nd> is valid.
	Event: </event/billing/product/fee/cycle/cycle_forward_quadmonthly/mso_hw_rental/nd> is valid.
	Event: </event/billing/product/fee/cycle/cycle_forward_bimonthly/mso_hw_rental/wlnd> is valid.
	Event: </event/billing/product/fee/cycle/cycle_forward_quadmonthly/mso_hw_rental/wlnd> is valid.
	Event: </event/billing/product/fee/cycle/cycle_forward_bimonthly/mso_hw_rental/dcm> is valid.
	Event: </event/billing/product/fee/cycle/cycle_forward_quadmonthly/mso_hw_rental/dcm> is valid.
	Event: </event/billing/product/fee/cycle/cycle_forward_bimonthly/mso_hw_rental/nwifi> is valid.
	Event: </event/billing/product/fee/cycle/cycle_forward_quadmonthly/mso_hw_rental/nwifi> is valid.
	Event: </event/billing/product/fee/cycle/cycle_forward_bimonthly/mso_hw_rental/crsoho> is valid.
	Event: </event/billing/product/fee/cycle/cycle_forward_quadmonthly/mso_hw_rental/crsoho> is valid.
	Event: </event/billing/product/fee/cycle/cycle_forward_bimonthly/mso_hw_amc/cm> is valid.
	Event: </event/billing/product/fee/cycle/cycle_forward_quadmonthly/mso_hw_amc/cm> is valid.
	Event: </event/billing/product/fee/cycle/cycle_forward_bimonthly/mso_hw_amc/cr> is valid.
	Event: </event/billing/product/fee/cycle/cycle_forward_quadmonthly/mso_hw_amc/cr> is valid.
	Event: </event/billing/product/fee/cycle/cycle_forward_bimonthly/mso_hw_amc/nd> is valid.
	Event: </event/billing/product/fee/cycle/cycle_forward_quadmonthly/mso_hw_amc/nd> is valid.
	Event: </event/billing/product/fee/cycle/cycle_forward_bimonthly/mso_hw_amc/wlnd> is valid.
	Event: </event/billing/product/fee/cycle/cycle_forward_quadmonthly/mso_hw_amc/wlnd> is valid.
	Event: </event/billing/product/fee/cycle/cycle_forward_bimonthly_fdp/mso_sb_norm> is valid.
	Event: </event/billing/product/fee/cycle/cycle_forward_quadmonthly_fdp/mso_sb_norm> is valid.
	Event: </event/billing/product/fee/cycle/cycle_forward_bimonthly_fdp/mso_sb_dc2> is valid.
	Event: </event/billing/product/fee/cycle/cycle_forward_quadmonthly_fdp/mso_sb_dc2> is valid.
	Event: </event/billing/product/fee/cycle/cycle_forward_bimonthly_fdp/mso_sb_dc3> is valid.
	Event: </event/billing/product/fee/cycle/cycle_forward_quadmonthly_fdp/mso_sb_dc3> is valid.
	Event: </event/billing/product/fee/cycle/cycle_forward_bimonthly_fdp/mso_sb_fib> is valid.
	Event: </event/billing/product/fee/cycle/cycle_forward_quadmonthly_fdp/mso_sb_fib> is valid.
	Event: </event/billing/remittance> is valid.
	Event: </event/billing/settlement/ws> is valid.
	Event: </event/billing/settlement/ws/incollect> is valid.
	Event: </event/billing/settlement/ws/outcollect> is valid.
	Event: </event/delayed/session/telco> is valid.
	Event: </event/mso_et> is valid.
	Event: </event/billing/late_fee> is valid.
	Event: </event/billing/product/fee/cycle/cycle_forward_nine_months_fdp/mso_sb_dc3> is valid.
	Event: </event/billing/product/fee/cycle/cycle_forward_nine_months_fdp/mso_sb_dc2> is valid.
	Event: </event/billing/product/fee/cycle/cycle_forward_nine_months_fdp/mso_sb_fib> is valid.
	Event: </event/billing/product/fee/cycle/cycle_forward_monthly/mso_hw_amc/cm/pre> is valid.
	Event: </event/billing/product/fee/cycle/cycle_forward_monthly/mso_hw_amc/cm/post> is valid.
	Event: </event/billing/product/fee/cycle/cycle_forward_semiannual/mso_hw_amc/cm/pre> is valid.
	Event: </event/billing/product/fee/cycle/cycle_forward_annual/mso_hw_amc/cm/pre> is valid.
	Event: </event/billing/product/fee/cycle/cycle_forward_bimonthly/mso_hw_amc/cm/pre> is valid.
	Event: </event/billing/product/fee/cycle/cycle_forward_quadmonthly/mso_hw_amc/cm/pre> is valid.
	Event: </event/billing/product/fee/cycle/cycle_forward_quarterly/mso_hw_amc/cm/pre> is valid.
	Event: </event/billing/product/fee/cycle/cycle_forward_monthly/mso_hw_amc/dcm/post> is valid.
	Event: </event/billing/product/fee/cycle/cycle_forward_quadmonthly/mso_hw_amc/dcm/pre> is valid.
	Event: </event/billing/product/fee/cycle/cycle_forward_bimonthly/mso_hw_amc/dcm/pre> is valid.
	Event: </event/billing/product/fee/cycle/cycle_forward_quarterly/mso_hw_amc/dcm/pre> is valid.
	Event: </event/billing/product/fee/cycle/cycle_forward_monthly/mso_hw_amc/dcm/pre> is valid.
	Event: </event/billing/product/fee/cycle/cycle_forward_annual/mso_hw_amc/dcm/pre> is valid.
	Event: </event/billing/product/fee/cycle/cycle_forward_semiannual/mso_hw_amc/dcm/pre> is valid.
	Event: </event/billing/product/fee/cycle/cycle_forward_nine_months/mso_hw_amc/cm/pre> is valid.
	Event: </event/billing/product/fee/cycle/cycle_forward_nine_months/mso_hw_amc/dcm/pre> is valid.
	Event: </event/billing/product/fee/cycle/cycle_forward_nine_months/mso_hw_amc/huwr/pre> is valid.
	Event: </event/billing/product/fee/cycle/cycle_forward_nine_months/mso_hw_amc/nd/pre> is valid.
	Event: </event/billing/product/fee/cycle/cycle_forward_nine_months/mso_hw_amc/wlnd/pre> is valid.
	Event: </event/billing/product/fee/cycle/cycle_forward_nine_months/mso_hw_amc/nwifi/pre> is valid.
	Event: </event/billing/product/fee/cycle/cycle_forward_nine_months/mso_hw_amc/crsoho/pre> is valid.
	Event: </event/billing/product/fee/cycle/cycle_forward_nine_months/mso_hw_amc/cr/pre> is valid.
	Event: </event/billing/product/fee/cycle/cycle_forward_monthly/mso_hw_rental/ip> is valid.
	Event: </event/billing/product/fee/cycle/cycle_forward_bimonthly/mso_hw_rental/ip> is valid.
	Event: </event/billing/product/fee/cycle/cycle_forward_quarterly/mso_hw_rental/ip> is valid.
	Event: </event/billing/product/fee/cycle/cycle_forward_quadmonthly/mso_hw_rental/ip> is valid.
	Event: </event/billing/product/fee/cycle/cycle_forward_semiannual/mso_hw_rental/ip> is valid.
	Event: </event/billing/product/fee/cycle/cycle_forward_annual/mso_hw_rental/ip> is valid.
	Event: </event/billing/product/fee/cycle/cycle_forward_nine_months/mso_hw_rental/ip> is valid.
	Event: </event/billing/product/fee/cycle/cycle_forward_quadmonthly> is valid.
	Event: </event/billing/product/fee/cycle/cycle_forward_quadmonthly/mso_sb_adn_fdp> is valid.
	Event: </event/billing/product/fee/cycle/cycle_forward_quadmonthly/mso_sb_pkg_fdp> is valid.
	Event: </event/billing/product/fee/cycle/cycle_forward_quadmonthly/mso_sb_alc_fdp> is valid.
	Event: </event/billing/product/fee/cycle/cycle_forward_elevenmonthly> is valid.
	Event: </event/billing/product/fee/cycle/cycle_forward_elevenmonthly/mso_sb_adn_fdp> is valid.
	Event: </event/billing/product/fee/cycle/cycle_forward_elevenmonthly/mso_sb_pkg_fdp> is valid.
	Event: </event/billing/product/fee/cycle/cycle_forward_elevenmonthly/mso_sb_alc_fdp> is valid.
	Event: </event/billing/product/fee/cycle/cycle_forward_fivemonthly> is valid.
	Event: </event/billing/product/fee/cycle/cycle_forward_fivemonthly/mso_sb_adn_fdp> is valid.
	Event: </event/billing/product/fee/cycle/cycle_forward_fivemonthly/mso_sb_pkg_fdp> is valid.
	Event: </event/billing/product/fee/cycle/cycle_forward_fivemonthly/mso_sb_alc_fdp> is valid.
	Event: </event/billing/product/fee/cycle/cycle_forward_sevenmonthly> is valid.
	Event: </event/billing/product/fee/cycle/cycle_forward_sevenmonthly/mso_sb_adn_fdp> is valid.
	Event: </event/billing/product/fee/cycle/cycle_forward_sevenmonthly/mso_sb_pkg_fdp> is valid.
	Event: </event/billing/product/fee/cycle/cycle_forward_sevenmonthly/mso_sb_alc_fdp> is valid.
	Event: </event/billing/product/fee/cycle/cycle_forward_eightmonthly> is valid.
	Event: </event/billing/product/fee/cycle/cycle_forward_eightmonthly/mso_sb_adn_fdp> is valid.
	Event: </event/billing/product/fee/cycle/cycle_forward_eightmonthly/mso_sb_pkg_fdp> is valid.
	Event: </event/billing/product/fee/cycle/cycle_forward_eightmonthly/mso_sb_alc_fdp> is valid.
	Event: </event/billing/product/fee/cycle/cycle_forward_daily> is valid.
	Event: </event/billing/product/fee/cycle/cycle_forward_daily/mso_sb_adn_fdp> is valid.
	Event: </event/billing/product/fee/cycle/cycle_forward_daily/mso_sb_pkg_fdp> is valid.
	Event: </event/billing/product/fee/cycle/cycle_forward_daily/mso_sb_alc_fdp> is valid.
	Event: </event/billing/product/fee/cycle/cycle_forward_bimonthly/mso_sb_alc_fdp> is valid.
	Event: </event/billing/product/fee/cycle/cycle_forward_bimonthly/mso_sb_pkg_fdp> is valid.
	Event: </event/billing/product/fee/cycle/cycle_forward_ninemonthly> is valid.
	Event: </event/billing/product/fee/cycle/cycle_forward_ninemonthly/mso_sb_adn_fdp> is valid.
	Event: </event/billing/product/fee/cycle/cycle_forward_ninemonthly/mso_sb_pkg_fdp> is valid.
	Event: </event/billing/product/fee/cycle/cycle_forward_ninemonthly/mso_sb_alc_fdp> is valid.
	Event: </event/billing/product/fee/cycle/cycle_forward_tenmonthly> is valid.
	Event: </event/billing/product/fee/cycle/cycle_forward_tenmonthly/mso_sb_adn_fdp> is valid.
	Event: </event/billing/product/fee/cycle/cycle_forward_tenmonthly/mso_sb_pkg_fdp> is valid.
	Event: </event/billing/product/fee/cycle/cycle_forward_tenmonthly/mso_sb_alc_fdp> is valid.
	Event: </event/billing/product/fee/cycle/cycle_forward_ten_day> is valid.
	Event: </event/billing/product/fee/cycle/cycle_forward_ten_day/mso_sb_adn_fdp> is valid.
	Event: </event/billing/product/fee/cycle/cycle_forward_ten_day/mso_sb_pkg_fdp> is valid.
	Event: </event/billing/product/fee/cycle/cycle_forward_ten_day/mso_sb_alc_fdp> is valid.
	Event: </event/billing/product/fee/cycle/cycle_forward_monthly_fdp/mso_sb_norm/trial> is valid.
	Event: </event/billing/product/fee/cycle/cycle_forward_semiannual_fdp/mso_sb_norm/trial> is valid.
	Event: </event/billing/product/fee/cycle/cycle_forward_annual_fdp/mso_sb_norm/trial> is valid.
	Event: </event/billing/product/fee/cycle/cycle_forward_monthly_fdp/mso_sb_dc2/trial> is valid.
	Event: </event/billing/product/fee/cycle/cycle_forward_monthly_fdp/mso_sb_dc3/trial> is valid.
	Event: </event/billing/product/fee/cycle/cycle_forward_annual_fdp/mso_sb_dc3/trial> is valid.
	Event: </event/billing/product/fee/cycle/cycle_forward_monthly/mso_sb_norm/trial> is valid.
	Event: </event/billing/product/fee/cycle/cycle_forward_monthly/mso_sb_dc2/trial> is valid.
	Event: </event/billing/product/fee/cycle/cycle_forward_monthly/mso_sb_dc3/trial> is valid.
	Event: </event/billing/product/fee/cycle/cycle_forward_monthly/mso_sb_fib/trial> is valid.
