lib_files_bkp29Jan18/
lib_files_bkp29Jan18/libBKP28Jan.tar.gz
lib_files_bkp29Jan18/lib/
lib_files_bkp29Jan18/lib/fm_mso_prov_custom.so_latest
lib_files_bkp29Jan18/lib/fm_mso_cust.so_15072015
lib_files_bkp29Jan18/lib/fm_mso_utils.so_15072015
lib_files_bkp29Jan18/lib/fm_mso_cust.so.17022016
lib_files_bkp29Jan18/lib/fm_mso_cust.so_bkP_15_6_16
lib_files_bkp29Jan18/lib/mso_ops_flds.map.20102016
lib_files_bkp29Jan18/lib/fm_mso_device.so
lib_files_bkp29Jan18/lib/fm_mso_cust.so.18Jan16
lib_files_bkp29Jan18/lib/fm_mso_prov_custom.so.08JUn
lib_files_bkp29Jan18/lib/fm_mso_utils.so.31Sep15
lib_files_bkp29Jan18/lib/fm_mso_integ.so.22122015
lib_files_bkp29Jan18/lib/fm_subscription_pol_custom.so.16092016
lib_files_bkp29Jan18/lib/fm_subscription_pol_custom.so
lib_files_bkp29Jan18/lib/fm_inv_pol_custom.so
lib_files_bkp29Jan18/lib/tmp_rat/
lib_files_bkp29Jan18/lib/tmp_rat/fm_mso_cust.so
lib_files_bkp29Jan18/lib/fm_mso_pymt_custom.so.04122015
lib_files_bkp29Jan18/lib/fm_mso_ntf_custom.so.20072016
lib_files_bkp29Jan18/lib/fm_mso_prov_custom.so.now
lib_files_bkp29Jan18/lib/fm_mso_commission.so
lib_files_bkp29Jan18/lib/fm_bill_pol_custom.so_oct14
lib_files_bkp29Jan18/lib/fm_mso_utils.so_
lib_files_bkp29Jan18/lib/fm_mso_cust.so_bkp_27102015
lib_files_bkp29Jan18/lib/mso_ops_flds.h_bkp10112017
lib_files_bkp29Jan18/lib/fm_mso_cust.so_0311
lib_files_bkp29Jan18/lib/fm_mso_prov_custom.so.29apr2016
lib_files_bkp29Jan18/lib/fm_mso_cust.so_15122017
lib_files_bkp29Jan18/lib/fm_bill_pol_custom.so_26092017
lib_files_bkp29Jan18/lib/fm_bill_pol_custom.so.05oct2015
lib_files_bkp29Jan18/lib/fm_mso_ntf_custom.so_17072015
lib_files_bkp29Jan18/lib/fm_mso_pymt_custom.so_08072015
lib_files_bkp29Jan18/lib/mso_ops_flds.map_19_apr
lib_files_bkp29Jan18/lib/fm_mso_pymt_custom.so.18Sep
lib_files_bkp29Jan18/lib/cc
lib_files_bkp29Jan18/lib/fm_mso_cust.so_03072017
lib_files_bkp29Jan18/lib/fm_mso_prov_custom.so.22012016
lib_files_bkp29Jan18/lib/fm_mso_cust.so_011117
lib_files_bkp29Jan18/lib/fm_mso_prov_custom.so_03072015
lib_files_bkp29Jan18/lib/fm_mso_cust.so_vm2
lib_files_bkp29Jan18/lib/fm_mso_cust.so_bak_31082017_1047
lib_files_bkp29Jan18/lib/temp/
lib_files_bkp29Jan18/lib/temp/fm_mso_device.so
lib_files_bkp29Jan18/lib/temp/fm_subscription_pol_custom.so
lib_files_bkp29Jan18/lib/temp/fm_inv_pol_custom.so
lib_files_bkp29Jan18/lib/temp/fm_mso_ar_custom.so
lib_files_bkp29Jan18/lib/temp/fm_mso_utils.so
lib_files_bkp29Jan18/lib/temp/fm_mso_ntf_custom.so
lib_files_bkp29Jan18/lib/temp/fm_mso_integ.so
lib_files_bkp29Jan18/lib/temp/fm_mso_pymt_custom.so
lib_files_bkp29Jan18/lib/temp/fm_rate_pol_custom.so
lib_files_bkp29Jan18/lib/temp/fm_bill_pol_custom.so.bak.dec2115
lib_files_bkp29Jan18/lib/temp/fm_mso_rate_aaa.so
lib_files_bkp29Jan18/lib/temp/fm_device_pol_custom.so
lib_files_bkp29Jan18/lib/temp/mso_ops_flds.map
lib_files_bkp29Jan18/lib/temp/fm_cust_pol_custom.so
lib_files_bkp29Jan18/lib/temp/fm_mso_cust.so.bak.1412
lib_files_bkp29Jan18/lib/temp/fm_bill_pol_custom.so
lib_files_bkp29Jan18/lib/temp/fm_mso_cust.so
lib_files_bkp29Jan18/lib/temp/fm_mso_prov_custom.so
lib_files_bkp29Jan18/lib/temp/fm_mso_lifecycle.so
lib_files_bkp29Jan18/lib/fm_inv_pol_custom.so_krish
lib_files_bkp29Jan18/lib/fm_mso_utils.so_bkp_12022016
lib_files_bkp29Jan18/lib/fm_mso_pymt_custom.so.03Sep15
lib_files_bkp29Jan18/lib/fm_rate_pol_custom.so.bkp.sasi
lib_files_bkp29Jan18/lib/temp_prod_lib/
lib_files_bkp29Jan18/lib/temp_prod_lib/fm_mso_integ.so
lib_files_bkp29Jan18/lib/temp_prod_lib/fm_mso_integ.so_prod
lib_files_bkp29Jan18/lib/temp_prod_lib/fm_mso_cust.so_prod_orig
lib_files_bkp29Jan18/lib/temp_prod_lib/fm_bill_pol_custom.so
lib_files_bkp29Jan18/lib/temp_prod_lib/fm_mso_cust.so
lib_files_bkp29Jan18/lib/fm_mso_ntf_custom.so_bkup_13Sep
lib_files_bkp29Jan18/lib/fm_mso_cust.so.310815
lib_files_bkp29Jan18/lib/fm_act_pol_custom.so
lib_files_bkp29Jan18/lib/fm_mso_prov_custom.so.prod
lib_files_bkp29Jan18/lib/fm_mso_pymt_custom.so_13nov15
lib_files_bkp29Jan18/lib/fm_mso_prov_custom.so_bkp_26022016
lib_files_bkp29Jan18/lib/fm_bill_pol_custom.so_bkp_26092016
lib_files_bkp29Jan18/lib/fm_mso_ar_custom.so
lib_files_bkp29Jan18/lib/fm_mso_utils.so
lib_files_bkp29Jan18/lib/fm_rate_pol_custom.so.16092016
lib_files_bkp29Jan18/lib/fm_mso_cust.so_28_11_2015
lib_files_bkp29Jan18/lib/fm_inv_pol_custom.so_bkp_22052016
lib_files_bkp29Jan18/lib/fm_mso_prov_custom.so.16092016
lib_files_bkp29Jan18/lib/fm_subscription_pol_custom.so_25072015
lib_files_bkp29Jan18/lib/fm_mso_utils.so_bak_31082017_1047
lib_files_bkp29Jan18/lib/fm_bill_pol_custom.so_bkp
lib_files_bkp29Jan18/lib/ravi/
lib_files_bkp29Jan18/lib/ravi/fm_mso_utils.so
lib_files_bkp29Jan18/lib/ravi/fm_mso_prov_custom.so
lib_files_bkp29Jan18/lib/fm_mso_cust.so.bkp_070716
lib_files_bkp29Jan18/lib/fm_mso_prov_custom.so.180116
lib_files_bkp29Jan18/lib/fm_mso_ntf_custom.so
lib_files_bkp29Jan18/lib/fm_inv_pol_custom.so.25012016
lib_files_bkp29Jan18/lib/fm_act_pol_custom.so.25012016
lib_files_bkp29Jan18/lib/fm_mso_prov_custom.so.24112016
lib_files_bkp29Jan18/lib/fm_cust_pol_custom.so.22122015
lib_files_bkp29Jan18/lib/fm_mso_prov_custom.so.05102016
lib_files_bkp29Jan18/lib/fm_mso_act.so
lib_files_bkp29Jan18/lib/fm_mso_cust.so_OLD
lib_files_bkp29Jan18/lib/fm_mso_integ.so
lib_files_bkp29Jan18/lib/fm_mso_operations.so.27Jan2016
lib_files_bkp29Jan18/lib/fm_mso_rate_aaa.so.04122015
lib_files_bkp29Jan18/lib/mso_ops_flds.map.06mar17
lib_files_bkp29Jan18/lib/fm_mso_pymt_custom.so
lib_files_bkp29Jan18/lib/fm_bill_pol_custom.so.preprod
lib_files_bkp29Jan18/lib/fm_mso_pymt_custom.so.merged
lib_files_bkp29Jan18/lib/fm_mso_prov_custom.so.beforeprioiback
lib_files_bkp29Jan18/lib/fm_mso_commission.so_bk11102017
lib_files_bkp29Jan18/lib/fm_subscription_pol_custom.so.11092015
lib_files_bkp29Jan18/lib/fm_mso_billnow.so
lib_files_bkp29Jan18/lib/fm_mso_cust.so_16062016
lib_files_bkp29Jan18/lib/fm_rate_pol_custom.so
lib_files_bkp29Jan18/lib/fm_cust_pol_custom.so_15122017
lib_files_bkp29Jan18/lib/fm_mso_cust.so.09022017
lib_files_bkp29Jan18/lib/fm_mso_prov_custom.so.06032016
lib_files_bkp29Jan18/lib/fm_rate_pol_custom.so.09022016
lib_files_bkp29Jan18/lib/fm_mso_billnow.so.27Jan2016
lib_files_bkp29Jan18/lib/fm_bill_pol_custom.so.21072016
lib_files_bkp29Jan18/lib/fm_mso_cust.so_bak_ORG
lib_files_bkp29Jan18/lib/fm_mso_cust.so_bak_17_aug_2016
lib_files_bkp29Jan18/lib/fm_mso_cust.so_26062015
lib_files_bkp29Jan18/lib/files
lib_files_bkp29Jan18/lib/temp3/
lib_files_bkp29Jan18/lib/temp3/fm_mso_integ.so
lib_files_bkp29Jan18/lib/fm_cust_pol_custom.so.0805
lib_files_bkp29Jan18/lib/fm_collections_pol_custom.so.04122015
lib_files_bkp29Jan18/lib/fm_mso_pymt_custom.so_13062016
lib_files_bkp29Jan18/lib/fm_mso_cust.so.prod.15sep16
lib_files_bkp29Jan18/lib/fm_pymt_pol_custom.so.04122015
lib_files_bkp29Jan18/lib/fm_mso_prov_custom.so.27122016
lib_files_bkp29Jan18/lib/fm_mso_cust.so_bkp_
lib_files_bkp29Jan18/lib/fm_mso_prov_custom.so.15sep
lib_files_bkp29Jan18/lib/lib_sangappa
lib_files_bkp29Jan18/lib/fm_rate_pol_custom.so_krish
lib_files_bkp29Jan18/lib/fm_mso_cust.so.27Jan2016
lib_files_bkp29Jan18/lib/fm_bill_pol_custom.so.30Sep15
lib_files_bkp29Jan18/lib/mso_ops_flds.map.22032017
lib_files_bkp29Jan18/lib/lib
lib_files_bkp29Jan18/lib/fm_bill_pol_custom.so_krish
lib_files_bkp29Jan18/lib/fm_inv_pol.so
lib_files_bkp29Jan18/lib/fm_mso_cust.so.21jan2016
lib_files_bkp29Jan18/lib/fm_mso_cust.so_
lib_files_bkp29Jan18/lib/fm_mso_rate_aaa.so
lib_files_bkp29Jan18/lib/fm_mso_prov_custom.so.preprod
lib_files_bkp29Jan18/lib/fm_mso_utils.so_31072015
lib_files_bkp29Jan18/lib/fm_mso_cust.so.04122015
lib_files_bkp29Jan18/lib/fm_mso_cust.so_2610
lib_files_bkp29Jan18/lib/fm_mso_cust.so_0811
lib_files_bkp29Jan18/lib/fm_mso_cust.so.bkp
lib_files_bkp29Jan18/lib/fm_mso_cust.so_28072015
lib_files_bkp29Jan18/lib/hi/
lib_files_bkp29Jan18/lib/fm_mso_utils.so.04122015
lib_files_bkp29Jan18/lib/fm_device_pol_custom.so
lib_files_bkp29Jan18/lib/fm_mso_utils.so_03062017_Ank
lib_files_bkp29Jan18/lib/fm_mso_cust.so.change
lib_files_bkp29Jan18/lib/fm_mso_cust.so.26Jul2016
lib_files_bkp29Jan18/lib/fm_mso_cust.so_10072015
lib_files_bkp29Jan18/lib/fm_mso_prov_custom.so_08072015
lib_files_bkp29Jan18/lib/fm_subscription_pol_custom.so,09Sep15
lib_files_bkp29Jan18/lib/mso_ops_flds.h
lib_files_bkp29Jan18/lib/mso_ops_flds.map_before_catv_refund_opcode
lib_files_bkp29Jan18/lib/m_mso_billnow.so..25012016
lib_files_bkp29Jan18/lib/fm_mso_cust.so.14Sep15
lib_files_bkp29Jan18/lib/temp1/
lib_files_bkp29Jan18/lib/temp1/fm_rate_pol_custom.so
lib_files_bkp29Jan18/lib/temp1/fm_mso_rate_aaa.so
lib_files_bkp29Jan18/lib/fm_rate_pol_custom.so_bkp_oct14
lib_files_bkp29Jan18/lib/fm_mso_cust.so_26092017
lib_files_bkp29Jan18/lib/fm_inv_pol_custom.so.13092016
lib_files_bkp29Jan18/lib/fm_subscription_pol_custom.so.04122015
lib_files_bkp29Jan18/lib/fm_collections_pol_custom.so
lib_files_bkp29Jan18/lib/mso_ops_flds.map_12022016
lib_files_bkp29Jan18/lib/temo
lib_files_bkp29Jan18/lib/fm_subscription_pol_custom.so_bak_27_01_16
lib_files_bkp29Jan18/lib/fm_mso_cust.so_03142017
lib_files_bkp29Jan18/lib/fm_inv_pol_custom.so.29jan16
lib_files_bkp29Jan18/lib/fm_mso_ntf_custom.so_06042017
lib_files_bkp29Jan18/lib/fm_mso_pymt_custom.so.bak14Aug15
lib_files_bkp29Jan18/lib/fm_mso_cust.so.16Sep15
lib_files_bkp29Jan18/lib/fm_rate_pol_custom.so_02072015
lib_files_bkp29Jan18/lib/fm_mso_cust.so_23072015
lib_files_bkp29Jan18/lib/fm_mso_utils.so_10072015
lib_files_bkp29Jan18/lib/fm_subscription_pol_custom.so.bkp.sasi
lib_files_bkp29Jan18/lib/fm_mso_rate_custom.so.0805
lib_files_bkp29Jan18/lib/fm_mso_prov_custom.so.22072016
lib_files_bkp29Jan18/lib/fm_subscription_pol_custom.so.27jan2016
lib_files_bkp29Jan18/lib/fm_mso_utils.so.22012016
lib_files_bkp29Jan18/lib/fm_mso_cust.so.16092016
lib_files_bkp29Jan18/lib/fm_mso_cust.so_work
lib_files_bkp29Jan18/lib/fm_mso_cust.so.150116
lib_files_bkp29Jan18/lib/fm_mso_pymt_custom.so_15072015
lib_files_bkp29Jan18/lib/fm_mso_cust.so_2811
lib_files_bkp29Jan18/lib/fm_mso_prov_custom.so.04122015
lib_files_bkp29Jan18/lib/mso_ops_flds.map.22122015
lib_files_bkp29Jan18/lib/fm_rate_pol_custom.so.preprod
lib_files_bkp29Jan18/lib/fm_mso_pymt_custom.so_17062016
lib_files_bkp29Jan18/lib/fm_inv_pol_custom.so.15sep
lib_files_bkp29Jan18/lib/fm_mso_prov_custom.so.02012015
lib_files_bkp29Jan18/lib/fm_mso_cust.so.preprod
lib_files_bkp29Jan18/lib/mso_ops_flds.map
lib_files_bkp29Jan18/lib/fm_rate_pol_custom.so.0805
lib_files_bkp29Jan18/lib/fm_mso_prov_custom.so.21jan2016
lib_files_bkp29Jan18/lib/fm_rate_pol_custom.so.04122015
lib_files_bkp29Jan18/lib/fm_mso_prov_custom.so.160116
lib_files_bkp29Jan18/lib/fm_mso_pymt_custom.so.07Sep
lib_files_bkp29Jan18/lib/fm_mso_integ.so.bkp
lib_files_bkp29Jan18/lib/fm_act_pol_custom.so.0805
lib_files_bkp29Jan18/lib/fm_mso_prov_custom.so.29Jan2016
lib_files_bkp29Jan18/lib/fm_cust_pol_custom.so
lib_files_bkp29Jan18/lib/fm_mso_prov_custom.so.03082017
lib_files_bkp29Jan18/lib/fm_bill_pol_custom.so.2109
lib_files_bkp29Jan18/lib/fm_bill_pol_custom.so.mod
lib_files_bkp29Jan18/lib/fm_mso_cust.so_08072015
lib_files_bkp29Jan18/lib/fm_mso_cust.so_151117
lib_files_bkp29Jan18/lib/fm_mso_prov_custom.so.22022016
lib_files_bkp29Jan18/lib/mso_ops_flds.map_bkp10112017
lib_files_bkp29Jan18/lib/fm_mso_utils.so.150116
lib_files_bkp29Jan18/lib/fm_mso_cust.so_29062015
lib_files_bkp29Jan18/lib/fm_mso_prov_custom.so.bak18_mar
lib_files_bkp29Jan18/lib/fm_mso_preactvn_modify.so
lib_files_bkp29Jan18/lib/fm_rate_pol_custom.so_15122017
lib_files_bkp29Jan18/lib/fm_mso_commission.so_14Aug15
lib_files_bkp29Jan18/lib/fm_mso_prov_custom.so.25042016
lib_files_bkp29Jan18/lib/fm_bill_pol_custom.so
lib_files_bkp29Jan18/lib/fm_mso_utils.so.0805
lib_files_bkp29Jan18/lib/fm_mso_device.so_08072015
lib_files_bkp29Jan18/lib/fm_mso_prov_custom.so.07112016
lib_files_bkp29Jan18/lib/fm_bill_pol_custom.so.04122015
lib_files_bkp29Jan18/lib/fm_mso_utils.so_bkp_150118
lib_files_bkp29Jan18/lib/fm_bill_pol_custom.so.25012016
lib_files_bkp29Jan18/lib/fm_mso_cust.so_0410
lib_files_bkp29Jan18/lib/fm_mso_prov_custom.so_15072015
lib_files_bkp29Jan18/lib/fm_mso_pymt_custom.so_02072015
lib_files_bkp29Jan18/lib/fm_mso_cust.so
lib_files_bkp29Jan18/lib/fm_subscription_pol_custom.so.22012016
lib_files_bkp29Jan18/lib/fm_mso_ntf_custom.so.09032017
lib_files_bkp29Jan18/lib/fm_mso_cust.so_3110
lib_files_bkp29Jan18/lib/fm_mso_prov_custom.so
lib_files_bkp29Jan18/lib/fm_mso_pymt_custom.so.withgautamchangesonly
lib_files_bkp29Jan18/lib/fm_mso_rate_custom.so
lib_files_bkp29Jan18/lib/fm_mso_lifecycle.so
lib_files_bkp29Jan18/lib/fm_mso_cust.so.bkp_05072016
lib_files_bkp29Jan18/lib/fm_mso_prov_custom.so_bkp_02122015
lib_files_bkp29Jan18/lib/fm_mso_device.so.17Aug15
lib_files_bkp29Jan18/lib/fm_mso_prov_custom.so.19052016
lib_files_bkp29Jan18/lib/mso_ops_flds.map_11072016
lib_files_bkp29Jan18/lib/fm_subscription_pol_custom.so.26nov2015
lib_files_bkp29Jan18/lib/fm_mso_utils.so_bak
lib_files_bkp29Jan18/lib/fm_rate_pol_custom.so_2152016
lib_files_bkp29Jan18/lib/fm_mso_schedule.so
lib_files_bkp29Jan18/lib/fm_mso_cust.so_03172017
lib_files_bkp29Jan18/lib/fm_mso_rate_aaa.so.25012016
lib_files_bkp29Jan18/lib/fm_mso_prov_custom.so_bak_27_01_16
lib_files_bkp29Jan18/lib/fm_mso_cust.so.22012016
lib_files_bkp29Jan18/lib/fm_mso_integ.so_bkp_sep18
lib_files_bkp29Jan18/lib/fm_rate_pol_custom.so_08072015
lib_files_bkp29Jan18/lib/fm_mso_cust.so_15122015
lib_files_bkp29Jan18/lib/fm_bill_pol_custom.so_bkp_21052016
lib_files_bkp29Jan18/lib/fm_mso_utils.so.16092016
lib_files_bkp29Jan18/lib/fm_mso_operations.so.25042016
lib_files_bkp29Jan18/lib/fm_bill_pol_custom.so.0805
lib_files_bkp29Jan18/lib/fm_mso_cust.so_290817
lib_files_bkp29Jan18/lib/temp_device_pol/
lib_files_bkp29Jan18/lib/temp_device_pol/fm_device_pol_custom.so
lib_files_bkp29Jan18/lib/fm_mso_prov_custom.so_17_aug_16
lib_files_bkp29Jan18/lib/fm_mso_cust.so_26092017_1035
lib_files_bkp29Jan18/lib/fm_mso_cust.so_bkup_14Sep
lib_files_bkp29Jan18/lib/fm_inv_pol_custom.so_bkp_27022015
lib_files_bkp29Jan18/lib/fm_mso_prov_custom.so.23082016
lib_files_bkp29Jan18/lib/fm_mso_cust.so_bkp_13062016
lib_files_bkp29Jan18/lib/fm_mso_prov_custom.so.16072016
lib_files_bkp29Jan18/lib/default.pinlog
lib_files_bkp29Jan18/lib/fm_mso_prov_custom.so.bak13Aug15
lib_files_bkp29Jan18/lib/fm_mso_ar_custom.so_bkp_oct19
lib_files_bkp29Jan18/lib/fm_mso_operations.so
lib_files_bkp29Jan18/lib/fm_pymt_pol_custom.so
lib_files_bkp29Jan18/lib/fm_mso_cust.so_bkp_150118
lib_files_bkp29Jan18/lib/fm_mso_ntf_custom.so.04122015
lib_files_bkp29Jan18/lib/fm_mso_cust.so.22122015
